0 info it worked if it ends with ok
1 verbose cli [ '/usr/local/bin/node',
1 verbose cli   '/usr/local/bin/npm',
1 verbose cli   'install',
1 verbose cli   '-g',
1 verbose cli   'node-gyp' ]
2 info using npm@2.14.20
3 info using node@v4.4.0
4 verbose install initial load of /usr/local/lib/package.json
5 verbose readDependencies loading dependencies from /usr/local/lib/package.json
6 silly cache add args [ 'node-gyp', null ]
7 verbose cache add spec node-gyp
8 silly cache add parsed spec Result {
8 silly cache add   raw: 'node-gyp',
8 silly cache add   scope: null,
8 silly cache add   name: 'node-gyp',
8 silly cache add   rawSpec: '',
8 silly cache add   spec: 'latest',
8 silly cache add   type: 'tag' }
9 silly addNamed node-gyp@latest
10 verbose addNamed "latest" is being treated as a dist-tag for node-gyp
11 info addNameTag [ 'node-gyp', 'latest' ]
12 silly mapToRegistry name node-gyp
13 silly mapToRegistry using default registry
14 silly mapToRegistry registry https://registry.npmjs.org/
15 silly mapToRegistry uri https://registry.npmjs.org/node-gyp
16 verbose addNameTag registry:https://registry.npmjs.org/node-gyp not in flight; fetching
17 verbose request uri https://registry.npmjs.org/node-gyp
18 verbose request no auth needed
19 info attempt registry request try #1 at 17:58:56
20 verbose request id 13a530491c04a859
21 http request GET https://registry.npmjs.org/node-gyp
22 http 200 https://registry.npmjs.org/node-gyp
23 verbose headers { server: 'CouchDB/1.5.0 (Erlang OTP/R16B03)',
23 verbose headers   etag: '"8LFF245A2LHZ4DL7YSY6IM8F7"',
23 verbose headers   'content-type': 'application/json',
23 verbose headers   'content-encoding': 'gzip',
23 verbose headers   'cache-control': 'max-age=300',
23 verbose headers   'content-length': '15762',
23 verbose headers   'accept-ranges': 'bytes',
23 verbose headers   date: 'Wed, 06 Apr 2016 21:58:57 GMT',
23 verbose headers   via: '1.1 varnish',
23 verbose headers   age: '7',
23 verbose headers   connection: 'keep-alive',
23 verbose headers   'x-served-by': 'cache-ord1744-ORD',
23 verbose headers   'x-cache': 'HIT',
23 verbose headers   'x-cache-hits': '1',
23 verbose headers   'x-timer': 'S1459979937.053128,VS0,VE0',
23 verbose headers   vary: 'Accept-Encoding' }
24 silly get cb [ 200,
24 silly get   { server: 'CouchDB/1.5.0 (Erlang OTP/R16B03)',
24 silly get     etag: '"8LFF245A2LHZ4DL7YSY6IM8F7"',
24 silly get     'content-type': 'application/json',
24 silly get     'content-encoding': 'gzip',
24 silly get     'cache-control': 'max-age=300',
24 silly get     'content-length': '15762',
24 silly get     'accept-ranges': 'bytes',
24 silly get     date: 'Wed, 06 Apr 2016 21:58:57 GMT',
24 silly get     via: '1.1 varnish',
24 silly get     age: '7',
24 silly get     connection: 'keep-alive',
24 silly get     'x-served-by': 'cache-ord1744-ORD',
24 silly get     'x-cache': 'HIT',
24 silly get     'x-cache-hits': '1',
24 silly get     'x-timer': 'S1459979937.053128,VS0,VE0',
24 silly get     vary: 'Accept-Encoding' } ]
25 verbose get saving node-gyp to /home/allen/.npm/registry.npmjs.org/node-gyp/.cache.json
26 verbose correctMkdir /home/allen/.npm correctMkdir not in flight; initializing
27 silly addNameTag next cb for node-gyp with tag latest
28 silly addNamed node-gyp@3.3.1
29 verbose addNamed "3.3.1" is a plain semver version for node-gyp
30 silly mapToRegistry name node-gyp
31 silly mapToRegistry using default registry
32 silly mapToRegistry registry https://registry.npmjs.org/
33 silly mapToRegistry uri https://registry.npmjs.org/node-gyp
34 verbose addRemoteTarball https://registry.npmjs.org/node-gyp/-/node-gyp-3.3.1.tgz not in flight; adding
35 verbose addRemoteTarball [ 'https://registry.npmjs.org/node-gyp/-/node-gyp-3.3.1.tgz',
35 verbose addRemoteTarball   '80f7b6d7c2f9c0495ba42c518a670c99bdf6e4a0' ]
36 info retry fetch attempt 1 at 17:58:56
37 info attempt registry request try #1 at 17:58:56
38 http fetch GET https://registry.npmjs.org/node-gyp/-/node-gyp-3.3.1.tgz
39 http fetch 200 https://registry.npmjs.org/node-gyp/-/node-gyp-3.3.1.tgz
40 silly fetchAndShaCheck shasum 80f7b6d7c2f9c0495ba42c518a670c99bdf6e4a0
41 verbose addTmpTarball /tmp/npm-6447-66db49e4/registry.npmjs.org/node-gyp/-/node-gyp-3.3.1.tgz not in flight; adding
42 verbose addTmpTarball already have metadata; skipping unpack for node-gyp@3.3.1
43 verbose correctMkdir /home/allen/.npm correctMkdir not in flight; initializing
44 silly cache afterAdd node-gyp@3.3.1
45 verbose afterAdd /home/allen/.npm/node-gyp/3.3.1/package/package.json not in flight; writing
46 verbose correctMkdir /home/allen/.npm correctMkdir not in flight; initializing
47 verbose afterAdd /home/allen/.npm/node-gyp/3.3.1/package/package.json written
48 silly install resolved [ { name: 'node-gyp',
48 silly install resolved     description: 'Node.js native addon build tool',
48 silly install resolved     license: 'MIT',
48 silly install resolved     keywords: [ 'native', 'addon', 'module', 'c', 'c++', 'bindings', 'gyp' ],
48 silly install resolved     version: '3.3.1',
48 silly install resolved     installVersion: 9,
48 silly install resolved     author:
48 silly install resolved      { name: 'Nathan Rajlich',
48 silly install resolved        email: 'nathan@tootallnate.net',
48 silly install resolved        url: 'http://tootallnate.net' },
48 silly install resolved     repository: { type: 'git', url: 'git://github.com/nodejs/node-gyp.git' },
48 silly install resolved     preferGlobal: true,
48 silly install resolved     bin: { 'node-gyp': './bin/node-gyp.js' },
48 silly install resolved     main: './lib/node-gyp.js',
48 silly install resolved     dependencies:
48 silly install resolved      { fstream: '^1.0.0',
48 silly install resolved        glob: '3 || 4',
48 silly install resolved        'graceful-fs': '^4.1.2',
48 silly install resolved        minimatch: '1',
48 silly install resolved        mkdirp: '^0.5.0',
48 silly install resolved        nopt: '2 || 3',
48 silly install resolved        npmlog: '0 || 1 || 2',
48 silly install resolved        osenv: '0',
48 silly install resolved        'path-array': '^1.0.0',
48 silly install resolved        request: '2',
48 silly install resolved        rimraf: '2',
48 silly install resolved        semver: '2.x || 3.x || 4 || 5',
48 silly install resolved        tar: '^2.0.0',
48 silly install resolved        which: '1' },
48 silly install resolved     engines: { node: '>= 0.8.0' },
48 silly install resolved     devDependencies: { tape: '~4.2.0' },
48 silly install resolved     scripts: { test: 'tape test/test-*' },
48 silly install resolved     gitHead: '1dcf356ca7b658789447108b29a985c00ffcf0f5',
48 silly install resolved     bugs: { url: 'https://github.com/nodejs/node-gyp/issues' },
48 silly install resolved     homepage: 'https://github.com/nodejs/node-gyp#readme',
48 silly install resolved     _id: 'node-gyp@3.3.1',
48 silly install resolved     _shasum: '80f7b6d7c2f9c0495ba42c518a670c99bdf6e4a0',
48 silly install resolved     _from: 'node-gyp@latest',
48 silly install resolved     _npmVersion: '3.3.12',
48 silly install resolved     _nodeVersion: '6.0.0-pre',
48 silly install resolved     _npmUser: { name: 'bnoordhuis', email: 'info@bnoordhuis.nl' },
48 silly install resolved     maintainers: [ [Object], [Object], [Object], [Object], [Object], [Object] ],
48 silly install resolved     dist:
48 silly install resolved      { shasum: '80f7b6d7c2f9c0495ba42c518a670c99bdf6e4a0',
48 silly install resolved        tarball: 'https://registry.npmjs.org/node-gyp/-/node-gyp-3.3.1.tgz' },
48 silly install resolved     _npmOperationalInternal:
48 silly install resolved      { host: 'packages-12-west.internal.npmjs.com',
48 silly install resolved        tmp: 'tmp/node-gyp-3.3.1.tgz_1457115144174_0.4018901875242591' },
48 silly install resolved     directories: {},
48 silly install resolved     _resolved: 'https://registry.npmjs.org/node-gyp/-/node-gyp-3.3.1.tgz' } ]
49 info install node-gyp@3.3.1 into /usr/local/lib
50 info installOne node-gyp@3.3.1
51 verbose installOne of node-gyp to /usr/local/lib not in flight; installing
52 verbose correctMkdir /home/allen/.npm/_locks correctMkdir not in flight; initializing
53 verbose lock using /home/allen/.npm/_locks/node-gyp-7153cdcb940d3c17.lock for /usr/local/lib/node_modules/node-gyp
54 silly install write writing node-gyp 3.3.1 to /usr/local/lib/node_modules/node-gyp
55 verbose unbuild lib/node_modules/node-gyp
56 silly gentlyRm /usr/local/lib/node_modules/node-gyp is being purged from base /usr/local
57 verbose gentlyRm don't care about contents; nuking /usr/local/lib/node_modules/node-gyp
58 verbose tar unpack /home/allen/.npm/node-gyp/3.3.1/package.tgz
59 verbose tar unpacking to /usr/local/lib/node_modules/node-gyp
60 silly gentlyRm /usr/local/lib/node_modules/node-gyp is being purged
61 verbose gentlyRm don't care about contents; nuking /usr/local/lib/node_modules/node-gyp
62 silly gunzTarPerm modes [ '775', '664' ]
63 error tar.unpack untar error /home/allen/.npm/node-gyp/3.3.1/package.tgz
64 verbose unlock done using /home/allen/.npm/_locks/node-gyp-7153cdcb940d3c17.lock for /usr/local/lib/node_modules/node-gyp
65 verbose fstream_path /usr/local/lib/node_modules/node-gyp
66 verbose fstream_type Directory
67 verbose fstream_class DirWriter
68 verbose stack Error: EACCES: permission denied, mkdir '/usr/local/lib/node_modules/node-gyp'
68 verbose stack     at Error (native)
69 verbose fstream_stack /usr/local/lib/node_modules/npm/node_modules/fstream/lib/dir-writer.js:35:25
69 verbose fstream_stack /usr/local/lib/node_modules/npm/node_modules/mkdirp/index.js:47:53
69 verbose fstream_stack FSReqWrap.oncomplete (fs.js:82:15)
70 verbose cwd /home/allen/app/sdd/website
71 error Linux 3.19.0-56-generic
72 error argv "/usr/local/bin/node" "/usr/local/bin/npm" "install" "-g" "node-gyp"
73 error node v4.4.0
74 error npm  v2.14.20
75 error path /usr/local/lib/node_modules/node-gyp
76 error code EACCES
77 error errno -13
78 error syscall mkdir
79 error Error: EACCES: permission denied, mkdir '/usr/local/lib/node_modules/node-gyp'
79 error     at Error (native)
79 error  { [Error: EACCES: permission denied, mkdir '/usr/local/lib/node_modules/node-gyp']
79 error   errno: -13,
79 error   code: 'EACCES',
79 error   syscall: 'mkdir',
79 error   path: '/usr/local/lib/node_modules/node-gyp',
79 error   fstream_type: 'Directory',
79 error   fstream_path: '/usr/local/lib/node_modules/node-gyp',
79 error   fstream_class: 'DirWriter',
79 error   fstream_stack:
79 error    [ '/usr/local/lib/node_modules/npm/node_modules/fstream/lib/dir-writer.js:35:25',
79 error      '/usr/local/lib/node_modules/npm/node_modules/mkdirp/index.js:47:53',
79 error      'FSReqWrap.oncomplete (fs.js:82:15)' ] }
80 error Please try running this command again as root/Administrator.
81 verbose exit [ -13, true ]
82 verbose unbuild lib/node_modules/node-gyp
83 silly gentlyRm /usr/local/lib/node_modules/node-gyp is being purged from base /usr/local
84 verbose gentlyRm don't care about contents; nuking /usr/local/lib/node_modules/node-gyp
